app/build/intermediates/manifest_merge_blame_file/debug/processDebugMainManifest/manifest-merger-blame-debug-report.txt
1<?xml version="1.0" encoding="utf-8"?>
2<manifest xmlns:android="http://schemas.android.com/apk/res/android"
3    package="com.wellbeing.nazr"
4    android:versionCode="1"
5    android:versionName="1.0" >
6
7    <uses-sdk
8        android:minSdkVersion="24"
9        android:targetSdkVersion="34" />
10
11    <uses-permission android:name="android.permission.PACKAGE_USAGE_STATS" />
11-->src/main/AndroidManifest.xml:6:5-8:47
11-->src/main/AndroidManifest.xml:7:9-62
12    <uses-permission android:name="android.permission.FOREGROUND_SERVICE" />
12-->src/main/AndroidManifest.xml:9:5-77
12-->src/main/AndroidManifest.xml:9:22-74
13    <uses-permission android:name="android.permission.FOREGROUND_SERVICE_SPECIAL_USE" />
13-->src/main/AndroidManifest.xml:10:5-89
13-->src/main/AndroidManifest.xml:10:22-86
14    <uses-permission android:name="android.permission.POST_NOTIFICATIONS" />
14-->src/main/AndroidManifest.xml:11:5-77
14-->src/main/AndroidManifest.xml:11:22-74
15
16    <queries>
16-->src/main/AndroidManifest.xml:13:5-21:15
17        <package android:name="com.google.android.youtube" />
17-->src/main/AndroidManifest.xml:14:9-62
17-->src/main/AndroidManifest.xml:14:18-59
18        <package android:name="com.chess" /> <!-- Added for Chess app visibility -->
18-->src/main/AndroidManifest.xml:15:9-45
18-->src/main/AndroidManifest.xml:15:18-42
19        <intent>
19-->src/main/AndroidManifest.xml:16:9-20:18
20            <action android:name="android.intent.action.VIEW" />
20-->src/main/AndroidManifest.xml:17:13-65
20-->src/main/AndroidManifest.xml:17:21-62
21
22            <category android:name="android.intent.category.BROWSABLE" />
22-->src/main/AndroidManifest.xml:18:13-74
22-->src/main/AndroidManifest.xml:18:23-71
23
24            <data android:scheme="https" />
24-->src/main/AndroidManifest.xml:19:13-44
24-->src/main/AndroidManifest.xml:19:19-41
25        </intent>
26    </queries>
27
28    <permission
28-->[androidx.core:core:1.12.0] AndroidManifest.xml:22:5-24:47
29        android:name="com.wellbeing.nazr.DYNAMIC_RECEIVER_NOT_EXPORTED_PERMISSION"
29-->[androidx.core:core:1.12.0] AndroidManifest.xml:23:9-81
30        android:protectionLevel="signature" />
30-->[androidx.core:core:1.12.0] AndroidManifest.xml:24:9-44
31
32    <uses-permission android:name="com.wellbeing.nazr.DYNAMIC_RECEIVER_NOT_EXPORTED_PERMISSION" />
32-->[androidx.core:core:1.12.0] AndroidManifest.xml:26:5-97
32-->[androidx.core:core:1.12.0] AndroidManifest.xml:26:22-94
33
34    <application
34-->src/main/AndroidManifest.xml:23:5-55:19
35        android:allowBackup="true"
35-->src/main/AndroidManifest.xml:24:9-35
36        android:appComponentFactory="androidx.core.app.CoreComponentFactory"
36-->[androidx.core:core:1.12.0] AndroidManifest.xml:28:18-86
37        android:debuggable="true"
38        android:extractNativeLibs="false"
39        android:icon="@mipmap/ic_launcher"
39-->src/main/AndroidManifest.xml:25:9-43
40        android:label="@string/app_name"
40-->src/main/AndroidManifest.xml:26:9-41
41        android:roundIcon="@mipmap/ic_launcher_round"
41-->src/main/AndroidManifest.xml:27:9-54
42        android:supportsRtl="true"
42-->src/main/AndroidManifest.xml:28:9-35
43        android:testOnly="true"
44        android:theme="@android:style/Theme.Material.Light.NoActionBar" >
44-->src/main/AndroidManifest.xml:29:9-72
45        <activity
45-->src/main/AndroidManifest.xml:30:9-40:20
46            android:name="com.wellbeing.nazr.MainActivity"
46-->src/main/AndroidManifest.xml:31:13-41
47            android:exported="true"
47-->src/main/AndroidManifest.xml:32:13-36
48            android:label="@string/app_name"
48-->src/main/AndroidManifest.xml:33:13-45
49            android:launchMode="singleTop"
49-->src/main/AndroidManifest.xml:34:13-43
50            android:theme="@android:style/Theme.Material.Light.NoActionBar" >
50-->src/main/AndroidManifest.xml:35:13-76
51            <intent-filter>
51-->src/main/AndroidManifest.xml:36:13-39:29
52                <action android:name="android.intent.action.MAIN" />
52-->src/main/AndroidManifest.xml:37:17-69
52-->src/main/AndroidManifest.xml:37:25-66
53
54                <category android:name="android.intent.category.LAUNCHER" />
54-->src/main/AndroidManifest.xml:38:17-77
54-->src/main/AndroidManifest.xml:38:27-74
55            </intent-filter>
56        </activity>
57
58        <service
58-->src/main/AndroidManifest.xml:42:9-54:19
59            android:name="com.wellbeing.nazr.BlockingAccessibilityService"
59-->src/main/AndroidManifest.xml:43:13-57
60            android:exported="false"
60-->src/main/AndroidManifest.xml:45:13-37
61            android:foregroundServiceType="specialUse"
61-->src/main/AndroidManifest.xml:46:13-55
62            android:permission="android.permission.BIND_ACCESSIBILITY_SERVICE"
62-->src/main/AndroidManifest.xml:44:13-79
63            android:process=":monitor" > <!-- Added -->
63-->src/main/AndroidManifest.xml:47:13-39
64            <intent-filter>
64-->src/main/AndroidManifest.xml:48:13-50:29
65                <action android:name="android.accessibilityservice.AccessibilityService" />
65-->src/main/AndroidManifest.xml:49:17-92
65-->src/main/AndroidManifest.xml:49:25-89
66            </intent-filter>
67
68            <meta-data
68-->src/main/AndroidManifest.xml:51:13-53:72
69                android:name="android.accessibilityservice"
69-->src/main/AndroidManifest.xml:52:17-60
70                android:resource="@xml/accessibility_service_config" />
70-->src/main/AndroidManifest.xml:53:17-69
71        </service>
72
73        <activity
73-->[androidx.compose.ui:ui-test-manifest:1.5.0] AndroidManifest.xml:23:9-25:39
74            android:name="androidx.activity.ComponentActivity"
74-->[androidx.compose.ui:ui-test-manifest:1.5.0] AndroidManifest.xml:24:13-63
75            android:exported="true" />
75-->[androidx.compose.ui:ui-test-manifest:1.5.0] AndroidManifest.xml:25:13-36
76        <activity
76-->[androidx.compose.ui:ui-tooling-android:1.5.0] AndroidManifest.xml:23:9-25:39
77            android:name="androidx.compose.ui.tooling.PreviewActivity"
77-->[androidx.compose.ui:ui-tooling-android:1.5.0] AndroidManifest.xml:24:13-71
78            android:exported="true" />
78-->[androidx.compose.ui:ui-tooling-android:1.5.0] AndroidManifest.xml:25:13-36
79
80        <provider
80-->[androidx.emoji2:emoji2:1.4.0] AndroidManifest.xml:24:9-32:20
81            android:name="androidx.startup.InitializationProvider"
81-->[androidx.emoji2:emoji2:1.4.0] AndroidManifest.xml:25:13-67
82            android:authorities="com.wellbeing.nazr.androidx-startup"
82-->[androidx.emoji2:emoji2:1.4.0] AndroidManifest.xml:26:13-68
83            android:exported="false" >
83-->[androidx.emoji2:emoji2:1.4.0] AndroidManifest.xml:27:13-37
84            <meta-data
84-->[androidx.emoji2:emoji2:1.4.0] AndroidManifest.xml:29:13-31:52
85                android:name="androidx.emoji2.text.EmojiCompatInitializer"
85-->[androidx.emoji2:emoji2:1.4.0] AndroidManifest.xml:30:17-75
86                android:value="androidx.startup" />
86-->[androidx.emoji2:emoji2:1.4.0] AndroidManifest.xml:31:17-49
87            <meta-data
87-->[androidx.lifecycle:lifecycle-process:2.6.2] AndroidManifest.xml:29:13-31:52
88                android:name="androidx.lifecycle.ProcessLifecycleInitializer"
88-->[androidx.lifecycle:lifecycle-process:2.6.2] AndroidManifest.xml:30:17-78
89                android:value="androidx.startup" />
89-->[androidx.lifecycle:lifecycle-process:2.6.2] AndroidManifest.xml:31:17-49
90            <meta-data
90-->[androidx.profileinstaller:profileinstaller:1.3.0] AndroidManifest.xml:29:13-31:52
91                android:name="androidx.profileinstaller.ProfileInstallerInitializer"
91-->[androidx.profileinstaller:profileinstaller:1.3.0] AndroidManifest.xml:30:17-85
92                android:value="androidx.startup" />
92-->[androidx.profileinstaller:profileinstaller:1.3.0] AndroidManifest.xml:31:17-49
93        </provider>
94
95        <receiver
95-->[androidx.profileinstaller:profileinstaller:1.3.0] AndroidManifest.xml:34:9-52:20
96            android:name="androidx.profileinstaller.ProfileInstallReceiver"
96-->[androidx.profileinstaller:profileinstaller:1.3.0] AndroidManifest.xml:35:13-76
97            android:directBootAware="false"
97-->[androidx.profileinstaller:profileinstaller:1.3.0] AndroidManifest.xml:36:13-44
98            android:enabled="true"
98-->[androidx.profileinstaller:profileinstaller:1.3.0] AndroidManifest.xml:37:13-35
99            android:exported="true"
99-->[androidx.profileinstaller:profileinstaller:1.3.0] AndroidManifest.xml:38:13-36
100            android:permission="android.permission.DUMP" >
100-->[androidx.profileinstaller:profileinstaller:1.3.0] AndroidManifest.xml:39:13-57
101            <intent-filter>
101-->[androidx.profileinstaller:profileinstaller:1.3.0] AndroidManifest.xml:40:13-42:29
102                <action android:name="androidx.profileinstaller.action.INSTALL_PROFILE" />
102-->[androidx.profileinstaller:profileinstaller:1.3.0] AndroidManifest.xml:41:17-91
102-->[androidx.profileinstaller:profileinstaller:1.3.0] AndroidManifest.xml:41:25-88
103            </intent-filter>
104            <intent-filter>
104-->[androidx.profileinstaller:profileinstaller:1.3.0] AndroidManifest.xml:43:13-45:29
105                <action android:name="androidx.profileinstaller.action.SKIP_FILE" />
105-->[androidx.profileinstaller:profileinstaller:1.3.0] AndroidManifest.xml:44:17-85
105-->[androidx.profileinstaller:profileinstaller:1.3.0] AndroidManifest.xml:44:25-82
106            </intent-filter>
107            <intent-filter>
107-->[androidx.profileinstaller:profileinstaller:1.3.0] AndroidManifest.xml:46:13-48:29
108                <action android:name="androidx.profileinstaller.action.SAVE_PROFILE" />
108-->[androidx.profileinstaller:profileinstaller:1.3.0] AndroidManifest.xml:47:17-88
108-->[androidx.profileinstaller:profileinstaller:1.3.0] AndroidManifest.xml:47:25-85
109            </intent-filter>
110            <intent-filter>
110-->[androidx.profileinstaller:profileinstaller:1.3.0] AndroidManifest.xml:49:13-51:29
111                <action android:name="androidx.profileinstaller.action.BENCHMARK_OPERATION" />
111-->[androidx.profileinstaller:profileinstaller:1.3.0] AndroidManifest.xml:50:17-95
111-->[androidx.profileinstaller:profileinstaller:1.3.0] AndroidManifest.xml:50:25-92
112            </intent-filter>
113        </receiver>
114    </application>
115
116</manifest>